<?xml version="1.0" encoding="UTF-8"?>
<!-- Generated by org.testng.reporters.JUnitReportReporter -->
<testsuite hostname="MT-5CD121JQR6" failures="0" tests="1" name="runner.WebApp" time="13.905" errors="0" timestamp="2022-01-21T11:18:21 IST" skipped="0">
  <testcase classname="runner.WebApp" name="HomepageLogout" time="13.905"/>
  <system-out/>
</testsuite> <!-- runner.WebApp -->
