<?xml version="1.0" encoding="UTF-8"?>
<!-- Generated by org.testng.reporters.JUnitReportReporter -->
<testsuite hostname="MT-5CD121JQR6" failures="0" tests="10" name="runner.WebApp" time="188.067" errors="0" timestamp="2022-01-18T16:05:08 IST" skipped="0">
  <testcase classname="runner.WebApp" name="HomePage" time="7.665"/>
  <system-out/>
  <testcase classname="runner.WebApp" name="SignUp" time="17.656"/>
  <system-out/>
  <testcase classname="runner.WebApp" name="HomepageLogin" time="7.241"/>
  <system-out/>
  <testcase classname="runner.WebApp" name="AboutPage" time="9.583"/>
  <system-out/>
  <testcase classname="runner.WebApp" name="ContactPage" time="12.419"/>
  <system-out/>
  <testcase classname="runner.WebApp" name="OnewayPage" time="22.260"/>
  <system-out/>
  <testcase classname="runner.WebApp" name="LocalPage" time="22.606"/>
  <system-out/>
  <testcase classname="runner.WebApp" name="OutstationPage" time="38.478"/>
  <system-out/>
  <testcase classname="runner.WebApp" name="AirportPage" time="29.827"/>
  <system-out/>
  <testcase classname="runner.WebApp" name="CorporatePage" time="20.332"/>
  <system-out/>
</testsuite> <!-- runner.WebApp -->
